Nov 03, 2019 4:04:40 PM spade.core.Kernel addCommand INFO: Adding reporter: Audit
Nov 03, 2019 4:04:40 PM spade.reporter.Audit initKafkaProducer INFO: bootstrap.servers = 192.168.1.128:9092
Nov 03, 2019 4:04:40 PM spade.reporter.Audit initKafkaProducer INFO: acks = all
Nov 03, 2019 4:04:40 PM spade.reporter.Audit initKafkaProducer INFO: retries = 0
Nov 03, 2019 4:04:40 PM spade.reporter.Audit initKafkaProducer INFO: batch.size = 16384
Nov 03, 2019 4:04:40 PM spade.reporter.Audit initKafkaProducer INFO: linger.ms = 1
Nov 03, 2019 4:04:40 PM spade.reporter.Audit initKafkaProducer INFO: buffer.memory = 33554432
Nov 03, 2019 4:04:40 PM spade.reporter.Audit initKafkaProducer INFO: topic = abc7
Nov 03, 2019 4:04:40 PM spade.reporter.Audit initKafkaProducer INFO: repeat times = 1000
Nov 03, 2019 4:04:41 PM spade.utility.HostInfo$ReadFromOperatingSystem readTA1Version SEVERE: Failed to check if file is readable: /etc/tc-version
java.lang.Exception: Path does not exist
	at spade.utility.FileUtility.isFile(FileUtility.java:170)
	at spade.utility.FileUtility.isFileReadable(FileUtility.java:189)
	at spade.utility.HostInfo$ReadFromOperatingSystem.readTA1Version(HostInfo.java:250)
	at spade.utility.HostInfo$ReadFromOperatingSystem.readSafe(HostInfo.java:114)
	at spade.utility.HostInfo.generateCurrentHostFile(HostInfo.java:678)
	at spade.reporter.Audit.createHostVertex(Audit.java:265)
	at spade.reporter.Audit.initKafkaProducer(Audit.java:323)
	at spade.reporter.Audit.launch(Audit.java:810)
	at spade.core.Kernel.addCommand(Kernel.java:487)
	at spade.core.Kernel.executeCommand(Kernel.java:329)
	at spade.core.Kernel.configCommand(Kernel.java:377)
	at spade.core.Kernel.main(Kernel.java:195)

Nov 03, 2019 4:04:41 PM spade.core.AbstractReporter produceBytesMsgToKafka INFO: topic = abc7 value = [B@5d11346a
Nov 03, 2019 4:05:41 PM spade.reporter.Audit initFlagsFromArguments SEVERE: km flag is 'true': null
Nov 03, 2019 4:05:41 PM spade.reporter.Audit initFlagsFromArguments INFO: Audit flags: syscall=null, fileIO=true, netIO=true, units=true, waitForLog=true, netfilter=false, refineNet=false, localEndpoints=true, handleLocalEndpoints=true, failfast=true, mergeUnit=null, harden=false, reportKill=true
Nov 03, 2019 4:05:41 PM spade.reporter.Audit initFlagsFromArguments INFO: Audit flags (Globals): 'unixSockets'='true', 'versionNetworkSockets'='false', 'versionFiles'='true', 'versionMemorys'='true', 'versionNamedPipes'='true', 'versionUnnamedPipes'='true', 'versionUnknowns'='true', 'versionUnixSockets'='true', 'versionUnixSocketPairs'='true', 'versionNetworkSocketPairs'='false', 'versions'='false', 'epochs'='true', 'permissions'='true'
Nov 03, 2019 4:05:42 PM spade.utility.CommonFunctions createExternalMemoryMapInstance INFO: Audit[ArtifactsMap]: ExternalMemoryMap created with params: cache size=100,000, db path=tmp/artifactsDB_1572818741896, db name=artifactsDB_1572818741896, false positive prob=0, expected number of elements=1,000,000, reporting interval in millis=120,000
Nov 03, 2019 4:05:43 PM spade.utility.CommonFunctions createExternalMemoryMapInstance INFO: ProcessManager[ProcessUnitStatesMap]: ExternalMemoryMap created with params: cache size=66,000, db path=tmp/processStatesDB_1572818742686, db name=processStatesDB_1572818742686, false positive prob=0, expected number of elements=1,000,000, reporting interval in millis=120,000
Nov 03, 2019 4:05:43 PM spade.reporter.Audit runSpadeAuditBridge INFO: Succesfully executed the command: 'bin/spadeAuditBridge -u -s /var/run/audispd_events'
Nov 03, 2019 4:05:43 PM spade.reporter.Audit$2 run INFO: Starting get AuditEventReader Thread
Nov 03, 2019 4:05:48 PM spade.reporter.Audit listOfPidsToIgnore INFO: pidChecker is : java.lang.UNIXProcess@4562e04d
Nov 03, 2019 4:05:48 PM spade.reporter.Audit addKernelModule INFO: Command "insmod lib/kernel-modules/netio_controller.ko syscall_success="1" pids_ignore="25351,95,25353,25536,24243,24147" ppids_ignore="25351,95,25353,25536,24243,24147" net_io="1" ignore_uids="1"" succeeded with output: [].
Nov 03, 2019 4:05:48 PM spade.utility.Execute$Output log INFO: Command "auditctl -D" succeeded with output: [No rules].
Nov 03, 2019 4:05:48 PM spade.utility.Execute$Output log INFO: Command "auditctl -a always,exclude -F msgtype=PROCTITLE" succeeded with output: [].
Nov 03, 2019 4:05:48 PM spade.utility.Execute$Output log INFO: Command "auditctl -a exit,always -F arch=b64 -S exit -S exit_group -F pid!=25351 -F pid!=95 -F pid!=25353 -F pid!=25536 -F pid!=24243 -F pid!=24147 -F ppid!=25351 -F ppid!=95 -F ppid!=25353 -F ppid!=25536 -F ppid!=24243 -F ppid!=24147 " succeeded with output: [].
Nov 03, 2019 4:05:48 PM spade.utility.Execute$Output log INFO: Command "auditctl -a exit,always -F arch=b64 -S readv -S pread -S preadv -S writev -S pwrite -S pwritev -S mmap -S mprotect -S unlink -S unlinkat -S link -S linkat -S symlink -S symlinkat -S clone -S fork -S vfork -S execve -S open -S creat -S openat -S mknodat -S mknod -S dup -S dup2 -S dup3 -S fcntl -S rename -S renameat -S setuid -S setreuid -S setgid -S setregid -S chmod -S fchmod -S fchmodat -S pipe -S pipe2 -S truncate -S ftruncate -S init_module -S finit_module -S tee -S splice -S vmsplice -S socketpair -S ptrace -F success=1 -F pid!=25351 -F pid!=95 -F pid!=25353 -F pid!=25536 -F pid!=24243 -F pid!=24147 -F ppid!=25351 -F ppid!=95 -F ppid!=25353 -F ppid!=25536 -F ppid!=24243 -F ppid!=24147 " succeeded with output: [].
Nov 03, 2019 4:05:48 PM spade.core.Kernel addCommand INFO: Reporter added: Audit fileIO=true netIO=true unixSockets=true versions=false units=true
Nov 03, 2019 4:09:44 PM spade.core.Kernel shutdown INFO: Shutting down SPADE....
Nov 03, 2019 4:09:44 PM spade.core.Kernel configCommand INFO: Usage not appropriate
Nov 03, 2019 4:09:45 PM spade.utility.Execute$Output log INFO: Command "rmmod netio_controller" succeeded with output: [].
Nov 03, 2019 4:09:45 PM spade.reporter.Audit shutdown INFO: Successfully removed the kernel controller module
Nov 03, 2019 4:09:45 PM spade.reporter.Audit shutdown INFO: Going to wait for event reader thread to finish
Nov 03, 2019 4:09:45 PM spade.reporter.Audit$1 run INFO: spadeAuditBridge output: Flushing buffer before stopping
Nov 03, 2019 4:09:45 PM spade.reporter.Audit$1 run INFO: Exiting error reader thread for process: spadeAuditBridge
Nov 03, 2019 4:09:45 PM spade.reporter.audit.AuditEventReader printStats INFO: Overall rate: 0 records/sec in 242.063 seconds. Interval rate: 0 records/sec in 242.063 seconds.
Nov 03, 2019 4:09:45 PM spade.utility.Execute$Output log INFO: Command "auditctl -D" succeeded with output: [No rules].
Nov 03, 2019 4:09:45 PM spade.utility.CommonFunctions closePrintSizeAndDeleteExternalMemoryMap INFO: Audit[ArtifactsMap]: Size of the external map on disk: 15 KB
Nov 03, 2019 4:09:45 PM spade.utility.CommonFunctions closePrintSizeAndDeleteExternalMemoryMap INFO: ProcessManager[ProcessUnitStatesMap]: Size of the external map on disk: 15 KB
Nov 03, 2019 4:09:45 PM spade.reporter.Audit$2 run INFO: Exiting event reader thread for process: spadeAuditBridge
Nov 03, 2019 4:09:50 PM spade.core.AbstractReporter produceBytesMsgToKafka INFO: topic = abc7 value = [B@2e66ae7b
