Oct 29, 2019 4:33:50 PM spade.core.Kernel addCommand INFO: Adding reporter: Audit
Oct 29, 2019 4:33:51 PM spade.reporter.Audit initKafkaProducer INFO: bootstrap.servers = 192.168.1.128:9092
Oct 29, 2019 4:33:51 PM spade.reporter.Audit initKafkaProducer INFO: acks = all
Oct 29, 2019 4:33:51 PM spade.reporter.Audit initKafkaProducer INFO: retries = 0
Oct 29, 2019 4:33:51 PM spade.reporter.Audit initKafkaProducer INFO: batch.size = 16384
Oct 29, 2019 4:33:51 PM spade.reporter.Audit initKafkaProducer INFO: linger.ms = 1
Oct 29, 2019 4:33:51 PM spade.reporter.Audit initKafkaProducer INFO: buffer.memory = 33554432
Oct 29, 2019 4:33:51 PM spade.reporter.Audit initKafkaProducer INFO: topic = abc7
Oct 29, 2019 4:33:51 PM spade.reporter.Audit initKafkaProducer INFO: repeat times = 1000
Oct 29, 2019 4:33:52 PM spade.utility.HostInfo$ReadFromOperatingSystem readTA1Version SEVERE: Failed to check if file is readable: /etc/tc-version
java.lang.Exception: Path does not exist
	at spade.utility.FileUtility.isFile(FileUtility.java:170)
	at spade.utility.FileUtility.isFileReadable(FileUtility.java:189)
	at spade.utility.HostInfo$ReadFromOperatingSystem.readTA1Version(HostInfo.java:250)
	at spade.utility.HostInfo$ReadFromOperatingSystem.readSafe(HostInfo.java:114)
	at spade.utility.HostInfo.generateCurrentHostFile(HostInfo.java:678)
	at spade.reporter.Audit.createHostVertex(Audit.java:265)
	at spade.reporter.Audit.initKafkaProducer(Audit.java:323)
	at spade.reporter.Audit.launch(Audit.java:810)
	at spade.core.Kernel.addCommand(Kernel.java:487)
	at spade.core.Kernel.executeCommand(Kernel.java:329)
	at spade.core.Kernel.configCommand(Kernel.java:377)
	at spade.core.Kernel.main(Kernel.java:195)

Oct 29, 2019 4:33:52 PM spade.core.AbstractReporter produceBytesMsgToKafka INFO: topic = abc7 value = [B@5d11346a
Oct 29, 2019 4:33:55 PM spade.core.Kernel shutdown INFO: Shutting down SPADE....
Oct 29, 2019 4:33:55 PM spade.core.Kernel configCommand INFO: Usage not appropriate
Oct 29, 2019 4:33:55 PM spade.core.Kernel shutdown INFO: SPADE stopped.
